have_func: checking for srand()... -------------------- yes

"gcc -o conftest -I/home/wassim/.rvm/rubies/ruby-2.0.0-p0/include/ruby-2.0.0/x86_64-linux -I/home/wassim/.rvm/rubies/ruby-2.0.0-p0/include/ruby-2.0.0/ruby/backward -I/home/wassim/.rvm/rubies/ruby-2.0.0-p0/include/ruby-2.0.0 -I.    -DVERSION=\"2.0.9\"  -O3 -fno-fast-math -ggdb3 -Wall -Wextra -Wno-unused-parameter -Wno-parentheses -Wno-long-long -Wno-missing-field-initializers -Wunused-variable -Wpointer-arith -Wwrite-strings -Wdeclaration-after-statement -Wimplicit-function-declaration  -fPIC -I. conftest.c  -L. -L/home/wassim/.rvm/rubies/ruby-2.0.0-p0/lib -Wl,-R/home/wassim/.rvm/rubies/ruby-2.0.0-p0/lib -L. -fstack-protector -rdynamic -Wl,-export-dynamic     '-Wl,-rpath,/../lib' -Wl,-R -Wl,/home/wassim/.rvm/rubies/ruby-2.0.0-p0/lib -L/home/wassim/.rvm/rubies/ruby-2.0.0-p0/lib -lruby  -lpthread -lrt -ldl -lcrypt -lm   -lc"
checked program was:
/* begin */
1: #include "ruby.h"
2: 
3: int main(void) {return 0;}
/* end */

"gcc -o conftest -I/home/wassim/.rvm/rubies/ruby-2.0.0-p0/include/ruby-2.0.0/x86_64-linux -I/home/wassim/.rvm/rubies/ruby-2.0.0-p0/include/ruby-2.0.0/ruby/backward -I/home/wassim/.rvm/rubies/ruby-2.0.0-p0/include/ruby-2.0.0 -I.    -DVERSION=\"2.0.9\"  -O3 -fno-fast-math -ggdb3 -Wall -Wextra -Wno-unused-parameter -Wno-parentheses -Wno-long-long -Wno-missing-field-initializers -Wunused-variable -Wpointer-arith -Wwrite-strings -Wdeclaration-after-statement -Wimplicit-function-declaration  -fPIC -I. conftest.c  -L. -L/home/wassim/.rvm/rubies/ruby-2.0.0-p0/lib -Wl,-R/home/wassim/.rvm/rubies/ruby-2.0.0-p0/lib -L. -fstack-protector -rdynamic -Wl,-export-dynamic     '-Wl,-rpath,/../lib' -Wl,-R -Wl,/home/wassim/.rvm/rubies/ruby-2.0.0-p0/lib -L/home/wassim/.rvm/rubies/ruby-2.0.0-p0/lib -lruby  -lpthread -lrt -ldl -lcrypt -lm   -lc"
conftest.c: In function ‘t’:
conftest.c:6:32: warning: variable ‘p’ set but not used [-Wunused-but-set-variable]
checked program was:
/* begin */
1: #include "ruby.h"
2: 
3: /*top*/
4: int main(void) {return 0;}
5: extern int t(void);
6: int t(void) { void ((*volatile p)()); p = (void ((*)()))srand; return 0; }
/* end */

--------------------

have_func: checking for random()... -------------------- yes

"gcc -o conftest -I/home/wassim/.rvm/rubies/ruby-2.0.0-p0/include/ruby-2.0.0/x86_64-linux -I/home/wassim/.rvm/rubies/ruby-2.0.0-p0/include/ruby-2.0.0/ruby/backward -I/home/wassim/.rvm/rubies/ruby-2.0.0-p0/include/ruby-2.0.0 -I.    -DVERSION=\"2.0.9\"  -O3 -fno-fast-math -ggdb3 -Wall -Wextra -Wno-unused-parameter -Wno-parentheses -Wno-long-long -Wno-missing-field-initializers -Wunused-variable -Wpointer-arith -Wwrite-strings -Wdeclaration-after-statement -Wimplicit-function-declaration  -fPIC -I. conftest.c  -L. -L/home/wassim/.rvm/rubies/ruby-2.0.0-p0/lib -Wl,-R/home/wassim/.rvm/rubies/ruby-2.0.0-p0/lib -L. -fstack-protector -rdynamic -Wl,-export-dynamic     '-Wl,-rpath,/../lib' -Wl,-R -Wl,/home/wassim/.rvm/rubies/ruby-2.0.0-p0/lib -L/home/wassim/.rvm/rubies/ruby-2.0.0-p0/lib -lruby  -lpthread -lrt -ldl -lcrypt -lm   -lc"
conftest.c: In function ‘t’:
conftest.c:6:32: warning: variable ‘p’ set but not used [-Wunused-but-set-variable]
checked program was:
/* begin */
1: #include "ruby.h"
2: 
3: /*top*/
4: int main(void) {return 0;}
5: extern int t(void);
6: int t(void) { void ((*volatile p)()); p = (void ((*)()))random; return 0; }
/* end */

--------------------

have_func: checking for bzero() in string.h,strings.h... -------------------- yes

"gcc -o conftest -I/home/wassim/.rvm/rubies/ruby-2.0.0-p0/include/ruby-2.0.0/x86_64-linux -I/home/wassim/.rvm/rubies/ruby-2.0.0-p0/include/ruby-2.0.0/ruby/backward -I/home/wassim/.rvm/rubies/ruby-2.0.0-p0/include/ruby-2.0.0 -I.    -DVERSION=\"2.0.9\"  -O3 -fno-fast-math -ggdb3 -Wall -Wextra -Wno-unused-parameter -Wno-parentheses -Wno-long-long -Wno-missing-field-initializers -Wunused-variable -Wpointer-arith -Wwrite-strings -Wdeclaration-after-statement -Wimplicit-function-declaration  -fPIC -I. conftest.c  -L. -L/home/wassim/.rvm/rubies/ruby-2.0.0-p0/lib -Wl,-R/home/wassim/.rvm/rubies/ruby-2.0.0-p0/lib -L. -fstack-protector -rdynamic -Wl,-export-dynamic     '-Wl,-rpath,/../lib' -Wl,-R -Wl,/home/wassim/.rvm/rubies/ruby-2.0.0-p0/lib -L/home/wassim/.rvm/rubies/ruby-2.0.0-p0/lib -lruby  -lpthread -lrt -ldl -lcrypt -lm   -lc"
conftest.c: In function ‘t’:
conftest.c:9:32: warning: variable ‘p’ set but not used [-Wunused-but-set-variable]
checked program was:
/* begin */
1: #include "ruby.h"
2: 
3: #include <string.h>
4: #include <strings.h>
5: 
6: /*top*/
7: int main(void) {return 0;}
8: extern int t(void);
9: int t(void) { void ((*volatile p)()); p = (void ((*)()))bzero; return 0; }
/* end */

--------------------

have_func: checking for strcasecmp()... -------------------- yes

"gcc -o conftest -I/home/wassim/.rvm/rubies/ruby-2.0.0-p0/include/ruby-2.0.0/x86_64-linux -I/home/wassim/.rvm/rubies/ruby-2.0.0-p0/include/ruby-2.0.0/ruby/backward -I/home/wassim/.rvm/rubies/ruby-2.0.0-p0/include/ruby-2.0.0 -I.    -DVERSION=\"2.0.9\"  -O3 -fno-fast-math -ggdb3 -Wall -Wextra -Wno-unused-parameter -Wno-parentheses -Wno-long-long -Wno-missing-field-initializers -Wunused-variable -Wpointer-arith -Wwrite-strings -Wdeclaration-after-statement -Wimplicit-function-declaration  -fPIC -I. conftest.c  -L. -L/home/wassim/.rvm/rubies/ruby-2.0.0-p0/lib -Wl,-R/home/wassim/.rvm/rubies/ruby-2.0.0-p0/lib -L. -fstack-protector -rdynamic -Wl,-export-dynamic     '-Wl,-rpath,/../lib' -Wl,-R -Wl,/home/wassim/.rvm/rubies/ruby-2.0.0-p0/lib -L/home/wassim/.rvm/rubies/ruby-2.0.0-p0/lib -lruby  -lpthread -lrt -ldl -lcrypt -lm   -lc"
conftest.c: In function ‘t’:
conftest.c:6:32: warning: variable ‘p’ set but not used [-Wunused-but-set-variable]
checked program was:
/* begin */
1: #include "ruby.h"
2: 
3: /*top*/
4: int main(void) {return 0;}
5: extern int t(void);
6: int t(void) { void ((*volatile p)()); p = (void ((*)()))strcasecmp; return 0; }
/* end */

--------------------

have_func: checking for strncasecmp()... -------------------- yes

"gcc -o conftest -I/home/wassim/.rvm/rubies/ruby-2.0.0-p0/include/ruby-2.0.0/x86_64-linux -I/home/wassim/.rvm/rubies/ruby-2.0.0-p0/include/ruby-2.0.0/ruby/backward -I/home/wassim/.rvm/rubies/ruby-2.0.0-p0/include/ruby-2.0.0 -I.    -DVERSION=\"2.0.9\"  -O3 -fno-fast-math -ggdb3 -Wall -Wextra -Wno-unused-parameter -Wno-parentheses -Wno-long-long -Wno-missing-field-initializers -Wunused-variable -Wpointer-arith -Wwrite-strings -Wdeclaration-after-statement -Wimplicit-function-declaration  -fPIC -I. conftest.c  -L. -L/home/wassim/.rvm/rubies/ruby-2.0.0-p0/lib -Wl,-R/home/wassim/.rvm/rubies/ruby-2.0.0-p0/lib -L. -fstack-protector -rdynamic -Wl,-export-dynamic     '-Wl,-rpath,/../lib' -Wl,-R -Wl,/home/wassim/.rvm/rubies/ruby-2.0.0-p0/lib -L/home/wassim/.rvm/rubies/ruby-2.0.0-p0/lib -lruby  -lpthread -lrt -ldl -lcrypt -lm   -lc"
conftest.c: In function ‘t’:
conftest.c:6:32: warning: variable ‘p’ set but not used [-Wunused-but-set-variable]
checked program was:
/* begin */
1: #include "ruby.h"
2: 
3: /*top*/
4: int main(void) {return 0;}
5: extern int t(void);
6: int t(void) { void ((*volatile p)()); p = (void ((*)()))strncasecmp; return 0; }
/* end */

--------------------

have_header: checking for mkdio.h... -------------------- yes

"gcc -E -I/home/wassim/.rvm/rubies/ruby-2.0.0-p0/include/ruby-2.0.0/x86_64-linux -I/home/wassim/.rvm/rubies/ruby-2.0.0-p0/include/ruby-2.0.0/ruby/backward -I/home/wassim/.rvm/rubies/ruby-2.0.0-p0/include/ruby-2.0.0 -I.    -DVERSION=\"2.0.9\"  -O3 -fno-fast-math -ggdb3 -Wall -Wextra -Wno-unused-parameter -Wno-parentheses -Wno-long-long -Wno-missing-field-initializers -Wunused-variable -Wpointer-arith -Wwrite-strings -Wdeclaration-after-statement -Wimplicit-function-declaration  -fPIC -I.  conftest.c -o conftest.i"
checked program was:
/* begin */
1: #include "ruby.h"
2: 
3: #include <mkdio.h>
/* end */

--------------------

have_header: checking for ruby/encoding.h... -------------------- yes

"gcc -E -I/home/wassim/.rvm/rubies/ruby-2.0.0-p0/include/ruby-2.0.0/x86_64-linux -I/home/wassim/.rvm/rubies/ruby-2.0.0-p0/include/ruby-2.0.0/ruby/backward -I/home/wassim/.rvm/rubies/ruby-2.0.0-p0/include/ruby-2.0.0 -I.    -DVERSION=\"2.0.9\"  -O3 -fno-fast-math -ggdb3 -Wall -Wextra -Wno-unused-parameter -Wno-parentheses -Wno-long-long -Wno-missing-field-initializers -Wunused-variable -Wpointer-arith -Wwrite-strings -Wdeclaration-after-statement -Wimplicit-function-declaration  -fPIC -I.  conftest.c -o conftest.i"
checked program was:
/* begin */
1: #include "ruby.h"
2: 
3: #include <ruby/encoding.h>
/* end */

--------------------

extconf.h is:
/* begin */
 1: #ifndef EXTCONF_H
 2: #define EXTCONF_H
 3: #define HAVE_SRAND 1
 4: #define HAVE_RANDOM 1
 5: #define HAVE_BZERO 1
 6: #define HAVE_STRCASECMP 1
 7: #define HAVE_STRNCASECMP 1
 8: #define HAVE_MKDIO_H 1
 9: #define HAVE_RUBY_ENCODING_H 1
10: #endif
/* end */

